<?xml version="1.0" encoding="UTF-8"?>
<testng-results ignored="0" total="1" passed="1" failed="0" skipped="0">
  <reporter-output>
  </reporter-output>
  <suite started-at="2021-07-03T14:43:47 BST" name="Default suite" finished-at="2021-07-03T14:43:48 BST" duration-ms="1224">
    <groups>
    </groups>
    <test started-at="2021-07-03T14:43:47 BST" name="Default test" finished-at="2021-07-03T14:43:48 BST" duration-ms="1224">
      <class name="apiTest.GetApiTest">
        <test-method signature="testGetRequest()[pri:0, instance:apiTest.GetApiTest@64cd705f]" started-at="2021-07-03T14:43:47 BST" name="testGetRequest" finished-at="2021-07-03T14:43:48 BST" duration-ms="1144" status="PASS">
          <reporter-output>
          </reporter-output>
        </test-method> <!-- testGetRequest -->
      </class> <!-- apiTest.GetApiTest -->
    </test> <!-- Default test -->
  </suite> <!-- Default suite -->
</testng-results>
